e:\repozytorium\rozpoczęcie\sfml tower\sfml tower defense\sfml tower defense\debug\vc141.pdb
e:\repozytorium\rozpoczęcie\sfml tower\sfml tower defense\sfml tower defense\debug\vc141.idb
e:\repozytorium\rozpoczęcie\sfml tower\sfml tower defense\sfml tower defense\debug\monster.obj
e:\repozytorium\rozpoczęcie\sfml tower\sfml tower defense\sfml tower defense\debug\silnik.obj
e:\repozytorium\rozpoczęcie\sfml tower\sfml tower defense\sfml tower defense\debug\sys.obj
e:\repozytorium\rozpoczęcie\sfml tower\sfml tower defense\sfml tower defense\debug\tower.obj
e:\repozytorium\rozpoczęcie\sfml tower\sfml tower defense\sfml tower defense\debug\zasoby.obj
e:\repozytorium\rozpoczęcie\sfml tower\sfml tower defense\sfml tower defense\debug\gra.obj
e:\repozytorium\rozpoczęcie\sfml tower\sfml tower defense\sfml tower defense\debug\main.obj
e:\repozytorium\rozpoczęcie\sfml tower\sfml tower defense\sfml tower defense\debug\mapa.obj
e:\repozytorium\rozpoczęcie\sfml toweredit\sfml tower defense\sfml tower defense\debug\vc141.pdb
e:\repozytorium\rozpoczęcie\sfml toweredit\sfml tower defense\sfml tower defense\debug\vc141.idb
e:\repozytorium\rozpoczęcie\sfml toweredit\sfml tower defense\sfml tower defense\debug\gra.obj
e:\repozytorium\rozpoczęcie\sfml toweredit\sfml tower defense\sfml tower defense\debug\main.obj
e:\repozytorium\rozpoczęcie\sfml toweredit\sfml tower defense\sfml tower defense\debug\mapa.obj
e:\repozytorium\rozpoczęcie\sfml toweredit\sfml tower defense\sfml tower defense\debug\monster.obj
e:\repozytorium\rozpoczęcie\sfml toweredit\sfml tower defense\sfml tower defense\debug\silnik.obj
e:\repozytorium\rozpoczęcie\sfml toweredit\sfml tower defense\sfml tower defense\debug\sys.obj
e:\repozytorium\rozpoczęcie\sfml toweredit\sfml tower defense\sfml tower defense\debug\tower.obj
e:\repozytorium\rozpoczęcie\sfml toweredit\sfml tower defense\sfml tower defense\debug\zasoby.obj
e:\repozytorium\rozpoczęcie\sfml toweredit\sfml tower defense\sfml tower defense\debug\wave.obj
e:\repozytorium\rozpoczęcie\sfml toweredit\sfml tower defense\sfml tower defense\debug\bullet.obj
e:\repozytorium\rozpoczęcie\sfml toweredit\sfml tower defense\sfml tower defense\debug\player.obj
e:\repozytorium\rozpoczęcie\sfml tower\sfml tower defense\debug\sfml tower defense.exe
e:\repozytorium\rozpoczęcie\sfml tower\sfml tower defense\debug\sfml tower defense.ilk
e:\repozytorium\rozpoczęcie\sfml tower\sfml tower defense\debug\sfml tower defense.pdb
e:\repozytorium\rozpoczęcie\sfml toweredit\sfml tower defense\debug\sfml tower defense.exe
e:\repozytorium\rozpoczęcie\sfml toweredit\sfml tower defense\debug\sfml tower defense.ilk
e:\repozytorium\rozpoczęcie\sfml toweredit\sfml tower defense\debug\sfml tower defense.pdb
e:\repozytorium\rozpoczęcie\sfml toweredit\sfml tower defense\sfml tower defense\debug\sfml tow.3141a130.tlog\cl.command.1.tlog
e:\repozytorium\rozpoczęcie\sfml toweredit\sfml tower defense\sfml tower defense\debug\sfml tow.3141a130.tlog\cl.read.1.tlog
e:\repozytorium\rozpoczęcie\sfml toweredit\sfml tower defense\sfml tower defense\debug\sfml tow.3141a130.tlog\cl.write.1.tlog
e:\repozytorium\rozpoczęcie\sfml toweredit\sfml tower defense\sfml tower defense\debug\sfml tow.3141a130.tlog\link.command.1.tlog
e:\repozytorium\rozpoczęcie\sfml toweredit\sfml tower defense\sfml tower defense\debug\sfml tow.3141a130.tlog\link.read.1.tlog
e:\repozytorium\rozpoczęcie\sfml toweredit\sfml tower defense\sfml tower defense\debug\sfml tow.3141a130.tlog\link.write.1.tlog
